<?xml version="1.0" encoding="UTF-8"?>
<!-- Generated by org.testng.reporters.JUnitReportReporter -->
<testsuite hostname="LAPTOP-0FGV9PVN" failures="0" tests="2" name="com.qa.testBase.TestBase" time="25.840" errors="0" timestamp="2022-08-30T11:59:34 IST" skipped="0">
  <testcase classname="com.qa.testBase.TestBase" name="setup" time="25.838"/>
  <system-out/>
  <testcase classname="com.qa.testBase.TestBase" name="tearDown" time="0.002"/>
  <system-out/>
</testsuite> <!-- com.qa.testBase.TestBase -->
